2025-07-30T11:09:05.447+05:30  INFO 16500 --- [Back_End] [main] lk.ijse.gdse71.back_end.Application      : Starting Application using Java 21.0.5 with PID 16500 (C:\Users\Dilini\OneDrive\Documents\IJSE Doc\AAD\Implementation\SpringBoot\Back_End\target\classes started by Dilini in C:\Users\Dilini\OneDrive\Documents\IJSE Doc\AAD\Implementation\SpringBoot)
2025-07-30T11:09:05.460+05:30  INFO 16500 --- [Back_End] [main] lk.ijse.gdse71.back_end.Application      : No active profile set, falling back to 1 default profile: "default"
2025-07-30T11:09:06.713+05:30  INFO 16500 --- [Back_End] [main] .s.d.r.c.RepositoryConfigurationDelegate : Bootstrapping Spring Data JPA repositories in DEFAULT mode.
2025-07-30T11:09:06.797+05:30  INFO 16500 --- [Back_End] [main] .s.d.r.c.RepositoryConfigurationDelegate : Finished Spring Data repository scanning in 69 ms. Found 1 JPA repository interface.
2025-07-30T11:09:07.493+05:30  INFO 16500 --- [Back_End] [main] o.s.b.w.embedded.tomcat.TomcatWebServer  : Tomcat initialized with port 8080 (http)
2025-07-30T11:09:07.509+05:30  INFO 16500 --- [Back_End] [main] o.apache.catalina.core.StandardService   : Starting service [Tomcat]
2025-07-30T11:09:07.509+05:30  INFO 16500 --- [Back_End] [main] o.apache.catalina.core.StandardEngine    : Starting Servlet engine: [Apache Tomcat/10.1.42]
2025-07-30T11:09:07.574+05:30  INFO 16500 --- [Back_End] [main] o.a.c.c.C.[Tomcat].[localhost].[/]       : Initializing Spring embedded WebApplicationContext
2025-07-30T11:09:07.575+05:30  INFO 16500 --- [Back_End] [main] w.s.c.ServletWebServerApplicationContext : Root WebApplicationContext: initialization completed in 2051 ms
2025-07-30T11:09:07.805+05:30  INFO 16500 --- [Back_End] [main] o.hibernate.jpa.internal.util.LogHelper  : HHH000204: Processing PersistenceUnitInfo [name: default]
2025-07-30T11:09:07.909+05:30  INFO 16500 --- [Back_End] [main] org.hibernate.Version                    : HHH000412: Hibernate ORM core version 6.6.18.Final
2025-07-30T11:09:07.964+05:30  INFO 16500 --- [Back_End] [main] o.h.c.internal.RegionFactoryInitiator    : HHH000026: Second-level cache disabled
2025-07-30T11:09:08.323+05:30  INFO 16500 --- [Back_End] [main] o.s.o.j.p.SpringPersistenceUnitInfo      : No LoadTimeWeaver setup: ignoring JPA class transformer
2025-07-30T11:09:08.362+05:30  INFO 16500 --- [Back_End] [main] com.zaxxer.hikari.HikariDataSource       : HikariPool-1 - Starting...
2025-07-30T11:09:08.885+05:30  INFO 16500 --- [Back_End] [main] com.zaxxer.hikari.pool.HikariPool        : HikariPool-1 - Added connection com.mysql.cj.jdbc.ConnectionImpl@1b60d324
2025-07-30T11:09:08.888+05:30  INFO 16500 --- [Back_End] [main] com.zaxxer.hikari.HikariDataSource       : HikariPool-1 - Start completed.
2025-07-30T11:09:08.960+05:30  WARN 16500 --- [Back_End] [main] org.hibernate.orm.deprecation            : HHH90000025: MySQLDialect does not need to be specified explicitly using 'hibernate.dialect' (remove the property setting and it will be selected by default)
2025-07-30T11:09:08.980+05:30  INFO 16500 --- [Back_End] [main] org.hibernate.orm.connections.pooling    : HHH10001005: Database info:
	Database JDBC URL [Connecting through datasource 'HikariDataSource (HikariPool-1)']
	Database driver: undefined/unknown
	Database version: 9.1
	Autocommit mode: undefined/unknown
	Isolation level: undefined/unknown
	Minimum pool size: undefined/unknown
	Maximum pool size: undefined/unknown
2025-07-30T11:09:10.119+05:30  INFO 16500 --- [Back_End] [main] o.h.e.t.j.p.i.JtaPlatformInitiator       : HHH000489: No JTA platform available (set 'hibernate.transaction.jta.platform' to enable JTA platform integration)
2025-07-30T11:09:10.193+05:30  INFO 16500 --- [Back_End] [main] j.LocalContainerEntityManagerFactoryBean : Initialized JPA EntityManagerFactory for persistence unit 'default'
2025-07-30T11:09:10.727+05:30  WARN 16500 --- [Back_End] [main] JpaBaseConfiguration$JpaWebConfiguration : spring.jpa.open-in-view is enabled by default. Therefore, database queries may be performed during view rendering. Explicitly configure spring.jpa.open-in-view to disable this warning
2025-07-30T11:09:11.311+05:30  INFO 16500 --- [Back_End] [main] o.s.b.w.embedded.tomcat.TomcatWebServer  : Tomcat started on port 8080 (http) with context path '/'
2025-07-30T11:09:11.322+05:30  INFO 16500 --- [Back_End] [main] lk.ijse.gdse71.back_end.Application      : Started Application in 6.573 seconds (process running for 7.941)
2025-07-30T11:09:54.628+05:30  INFO 16500 --- [Back_End] [http-nio-8080-exec-1] o.a.c.c.C.[Tomcat].[localhost].[/]       : Initializing Spring DispatcherServlet 'dispatcherServlet'
2025-07-30T11:09:54.628+05:30  INFO 16500 --- [Back_End] [http-nio-8080-exec-1] o.s.web.servlet.DispatcherServlet        : Initializing Servlet 'dispatcherServlet'
2025-07-30T11:09:54.631+05:30  INFO 16500 --- [Back_End] [http-nio-8080-exec-1] o.s.web.servlet.DispatcherServlet        : Completed initialization in 2 ms
2025-07-30T11:09:55.143+05:30  WARN 16500 --- [Back_End] [http-nio-8080-exec-1] ration$PageModule$WarningLoggingModifier : Serializing PageImpl instances as-is is not supported, meaning that there is no guarantee about the stability of the resulting JSON structure!
	For a stable JSON structure, please use Spring Data's PagedModel (globally via @EnableSpringDataWebSupport(pageSerializationMode = VIA_DTO))
	or Spring HATEOAS and Spring Data's PagedResourcesAssembler as documented in https://docs.spring.io/spring-data/commons/reference/repositories/core-extensions.html#core.web.pageables.

2025-07-30T11:11:43.678+05:30  INFO 16500 --- [Back_End] [SpringApplicationShutdownHook] o.s.b.w.e.tomcat.GracefulShutdown        : Commencing graceful shutdown. Waiting for active requests to complete
2025-07-30T11:11:43.688+05:30  INFO 16500 --- [Back_End] [tomcat-shutdown] o.s.b.w.e.tomcat.GracefulShutdown        : Graceful shutdown complete
2025-07-30T11:11:43.694+05:30  INFO 16500 --- [Back_End] [SpringApplicationShutdownHook] j.LocalContainerEntityManagerFactoryBean : Closing JPA EntityManagerFactory for persistence unit 'default'
2025-07-30T11:11:43.696+05:30  INFO 16500 --- [Back_End] [SpringApplicationShutdownHook] com.zaxxer.hikari.HikariDataSource       : HikariPool-1 - Shutdown initiated...
2025-07-30T11:11:43.709+05:30  INFO 16500 --- [Back_End] [SpringApplicationShutdownHook] com.zaxxer.hikari.HikariDataSource       : HikariPool-1 - Shutdown completed.
2025-07-30T11:15:02.037+05:30  INFO 19280 --- [Back_End] [main] lk.ijse.gdse71.back_end.Application      : Starting Application using Java 21.0.5 with PID 19280 (C:\Users\Dilini\OneDrive\Documents\IJSE Doc\AAD\Implementation\SpringBoot\Back_End\target\classes started by Dilini in C:\Users\Dilini\OneDrive\Documents\IJSE Doc\AAD\Implementation\SpringBoot)
2025-07-30T11:15:02.040+05:30  INFO 19280 --- [Back_End] [main] lk.ijse.gdse71.back_end.Application      : No active profile set, falling back to 1 default profile: "default"
2025-07-30T11:15:03.115+05:30  INFO 19280 --- [Back_End] [main] .s.d.r.c.RepositoryConfigurationDelegate : Bootstrapping Spring Data JPA repositories in DEFAULT mode.
2025-07-30T11:15:03.196+05:30  INFO 19280 --- [Back_End] [main] .s.d.r.c.RepositoryConfigurationDelegate : Finished Spring Data repository scanning in 66 ms. Found 1 JPA repository interface.
2025-07-30T11:15:03.804+05:30  INFO 19280 --- [Back_End] [main] o.s.b.w.embedded.tomcat.TomcatWebServer  : Tomcat initialized with port 8080 (http)
2025-07-30T11:15:03.820+05:30  INFO 19280 --- [Back_End] [main] o.apache.catalina.core.StandardService   : Starting service [Tomcat]
2025-07-30T11:15:03.821+05:30  INFO 19280 --- [Back_End] [main] o.apache.catalina.core.StandardEngine    : Starting Servlet engine: [Apache Tomcat/10.1.42]
2025-07-30T11:15:03.888+05:30  INFO 19280 --- [Back_End] [main] o.a.c.c.C.[Tomcat].[localhost].[/]       : Initializing Spring embedded WebApplicationContext
2025-07-30T11:15:03.889+05:30  INFO 19280 --- [Back_End] [main] w.s.c.ServletWebServerApplicationContext : Root WebApplicationContext: initialization completed in 1780 ms
2025-07-30T11:15:04.116+05:30  INFO 19280 --- [Back_End] [main] o.hibernate.jpa.internal.util.LogHelper  : HHH000204: Processing PersistenceUnitInfo [name: default]
2025-07-30T11:15:04.189+05:30  INFO 19280 --- [Back_End] [main] org.hibernate.Version                    : HHH000412: Hibernate ORM core version 6.6.18.Final
2025-07-30T11:15:04.273+05:30  INFO 19280 --- [Back_End] [main] o.h.c.internal.RegionFactoryInitiator    : HHH000026: Second-level cache disabled
2025-07-30T11:15:04.593+05:30  INFO 19280 --- [Back_End] [main] o.s.o.j.p.SpringPersistenceUnitInfo      : No LoadTimeWeaver setup: ignoring JPA class transformer
2025-07-30T11:15:04.625+05:30  INFO 19280 --- [Back_End] [main] com.zaxxer.hikari.HikariDataSource       : HikariPool-1 - Starting...
2025-07-30T11:15:05.283+05:30  INFO 19280 --- [Back_End] [main] com.zaxxer.hikari.pool.HikariPool        : HikariPool-1 - Added connection com.mysql.cj.jdbc.ConnectionImpl@151a6598
2025-07-30T11:15:05.285+05:30  INFO 19280 --- [Back_End] [main] com.zaxxer.hikari.HikariDataSource       : HikariPool-1 - Start completed.
2025-07-30T11:15:05.386+05:30  WARN 19280 --- [Back_End] [main] org.hibernate.orm.deprecation            : HHH90000025: MySQLDialect does not need to be specified explicitly using 'hibernate.dialect' (remove the property setting and it will be selected by default)
2025-07-30T11:15:05.421+05:30  INFO 19280 --- [Back_End] [main] org.hibernate.orm.connections.pooling    : HHH10001005: Database info:
	Database JDBC URL [Connecting through datasource 'HikariDataSource (HikariPool-1)']
	Database driver: undefined/unknown
	Database version: 9.1
	Autocommit mode: undefined/unknown
	Isolation level: undefined/unknown
	Minimum pool size: undefined/unknown
	Maximum pool size: undefined/unknown
2025-07-30T11:15:08.972+05:30  INFO 19280 --- [Back_End] [main] o.h.e.t.j.p.i.JtaPlatformInitiator       : HHH000489: No JTA platform available (set 'hibernate.transaction.jta.platform' to enable JTA platform integration)
2025-07-30T11:15:09.094+05:30  INFO 19280 --- [Back_End] [main] j.LocalContainerEntityManagerFactoryBean : Initialized JPA EntityManagerFactory for persistence unit 'default'
2025-07-30T11:15:10.143+05:30  WARN 19280 --- [Back_End] [main] JpaBaseConfiguration$JpaWebConfiguration : spring.jpa.open-in-view is enabled by default. Therefore, database queries may be performed during view rendering. Explicitly configure spring.jpa.open-in-view to disable this warning
2025-07-30T11:15:10.954+05:30  INFO 19280 --- [Back_End] [main] o.s.b.w.embedded.tomcat.TomcatWebServer  : Tomcat started on port 8080 (http) with context path '/'
2025-07-30T11:15:10.968+05:30  INFO 19280 --- [Back_End] [main] lk.ijse.gdse71.back_end.Application      : Started Application in 9.545 seconds (process running for 10.674)
2025-07-30T11:15:37.557+05:30  INFO 19280 --- [Back_End] [http-nio-8080-exec-1] o.a.c.c.C.[Tomcat].[localhost].[/]       : Initializing Spring DispatcherServlet 'dispatcherServlet'
2025-07-30T11:15:37.557+05:30  INFO 19280 --- [Back_End] [http-nio-8080-exec-1] o.s.web.servlet.DispatcherServlet        : Initializing Servlet 'dispatcherServlet'
2025-07-30T11:15:37.559+05:30  INFO 19280 --- [Back_End] [http-nio-8080-exec-1] o.s.web.servlet.DispatcherServlet        : Completed initialization in 1 ms
2025-07-30T11:15:38.059+05:30  WARN 19280 --- [Back_End] [http-nio-8080-exec-1] ration$PageModule$WarningLoggingModifier : Serializing PageImpl instances as-is is not supported, meaning that there is no guarantee about the stability of the resulting JSON structure!
	For a stable JSON structure, please use Spring Data's PagedModel (globally via @EnableSpringDataWebSupport(pageSerializationMode = VIA_DTO))
	or Spring HATEOAS and Spring Data's PagedResourcesAssembler as documented in https://docs.spring.io/spring-data/commons/reference/repositories/core-extensions.html#core.web.pageables.

2025-07-30T11:24:31.183+05:30  WARN 19280 --- [Back_End] [HikariPool-1:housekeeper] com.zaxxer.hikari.pool.HikariPool        : HikariPool-1 - Thread starvation or clock leap detected (housekeeper delta=4m55s694ms926µs600ns).
2025-07-30T11:30:12.621+05:30  INFO 19280 --- [Back_End] [SpringApplicationShutdownHook] o.s.b.w.e.tomcat.GracefulShutdown        : Commencing graceful shutdown. Waiting for active requests to complete
2025-07-30T11:30:12.647+05:30  INFO 19280 --- [Back_End] [tomcat-shutdown] o.s.b.w.e.tomcat.GracefulShutdown        : Graceful shutdown complete
2025-07-30T11:30:12.667+05:30  INFO 19280 --- [Back_End] [SpringApplicationShutdownHook] j.LocalContainerEntityManagerFactoryBean : Closing JPA EntityManagerFactory for persistence unit 'default'
2025-07-30T11:30:12.689+05:30  INFO 19280 --- [Back_End] [SpringApplicationShutdownHook] com.zaxxer.hikari.HikariDataSource       : HikariPool-1 - Shutdown initiated...
2025-07-30T11:30:12.733+05:30  INFO 19280 --- [Back_End] [SpringApplicationShutdownHook] com.zaxxer.hikari.HikariDataSource       : HikariPool-1 - Shutdown completed.
2025-07-30T23:11:08.070+05:30  INFO 1596 --- [Back_End] [main] lk.ijse.gdse71.back_end.Application      : Starting Application using Java 21.0.5 with PID 1596 (C:\Users\Dilini\OneDrive\Documents\IJSE Doc\AAD\Implementation\SpringBoot\Back_End\target\classes started by Dilini in C:\Users\Dilini\OneDrive\Documents\IJSE Doc\AAD\Implementation\SpringBoot)
2025-07-30T23:11:08.072+05:30  INFO 1596 --- [Back_End] [main] lk.ijse.gdse71.back_end.Application      : No active profile set, falling back to 1 default profile: "default"
2025-07-30T23:11:08.951+05:30  INFO 1596 --- [Back_End] [main] .s.d.r.c.RepositoryConfigurationDelegate : Bootstrapping Spring Data JPA repositories in DEFAULT mode.
2025-07-30T23:11:09.034+05:30  INFO 1596 --- [Back_End] [main] .s.d.r.c.RepositoryConfigurationDelegate : Finished Spring Data repository scanning in 59 ms. Found 1 JPA repository interface.
2025-07-30T23:11:09.558+05:30  INFO 1596 --- [Back_End] [main] o.s.b.w.embedded.tomcat.TomcatWebServer  : Tomcat initialized with port 8080 (http)
2025-07-30T23:11:09.572+05:30  INFO 1596 --- [Back_End] [main] o.apache.catalina.core.StandardService   : Starting service [Tomcat]
2025-07-30T23:11:09.573+05:30  INFO 1596 --- [Back_End] [main] o.apache.catalina.core.StandardEngine    : Starting Servlet engine: [Apache Tomcat/10.1.42]
2025-07-30T23:11:09.625+05:30  INFO 1596 --- [Back_End] [main] o.a.c.c.C.[Tomcat].[localhost].[/]       : Initializing Spring embedded WebApplicationContext
2025-07-30T23:11:09.625+05:30  INFO 1596 --- [Back_End] [main] w.s.c.ServletWebServerApplicationContext : Root WebApplicationContext: initialization completed in 1507 ms
2025-07-30T23:11:09.813+05:30  INFO 1596 --- [Back_End] [main] o.hibernate.jpa.internal.util.LogHelper  : HHH000204: Processing PersistenceUnitInfo [name: default]
2025-07-30T23:11:09.889+05:30  INFO 1596 --- [Back_End] [main] org.hibernate.Version                    : HHH000412: Hibernate ORM core version 6.6.18.Final
2025-07-30T23:11:09.953+05:30  INFO 1596 --- [Back_End] [main] o.h.c.internal.RegionFactoryInitiator    : HHH000026: Second-level cache disabled
2025-07-30T23:11:10.285+05:30  INFO 1596 --- [Back_End] [main] o.s.o.j.p.SpringPersistenceUnitInfo      : No LoadTimeWeaver setup: ignoring JPA class transformer
2025-07-30T23:11:10.316+05:30  INFO 1596 --- [Back_End] [main] com.zaxxer.hikari.HikariDataSource       : HikariPool-1 - Starting...
2025-07-30T23:11:10.818+05:30  INFO 1596 --- [Back_End] [main] com.zaxxer.hikari.pool.HikariPool        : HikariPool-1 - Added connection com.mysql.cj.jdbc.ConnectionImpl@f9a5e3f
2025-07-30T23:11:10.822+05:30  INFO 1596 --- [Back_End] [main] com.zaxxer.hikari.HikariDataSource       : HikariPool-1 - Start completed.
2025-07-30T23:11:10.885+05:30  WARN 1596 --- [Back_End] [main] org.hibernate.orm.deprecation            : HHH90000025: MySQLDialect does not need to be specified explicitly using 'hibernate.dialect' (remove the property setting and it will be selected by default)
2025-07-30T23:11:10.915+05:30  INFO 1596 --- [Back_End] [main] org.hibernate.orm.connections.pooling    : HHH10001005: Database info:
	Database JDBC URL [Connecting through datasource 'HikariDataSource (HikariPool-1)']
	Database driver: undefined/unknown
	Database version: 9.1
	Autocommit mode: undefined/unknown
	Isolation level: undefined/unknown
	Minimum pool size: undefined/unknown
	Maximum pool size: undefined/unknown
2025-07-30T23:11:11.839+05:30  INFO 1596 --- [Back_End] [main] o.h.e.t.j.p.i.JtaPlatformInitiator       : HHH000489: No JTA platform available (set 'hibernate.transaction.jta.platform' to enable JTA platform integration)
2025-07-30T23:11:11.918+05:30  INFO 1596 --- [Back_End] [main] j.LocalContainerEntityManagerFactoryBean : Initialized JPA EntityManagerFactory for persistence unit 'default'
2025-07-30T23:11:12.274+05:30  WARN 1596 --- [Back_End] [main] JpaBaseConfiguration$JpaWebConfiguration : spring.jpa.open-in-view is enabled by default. Therefore, database queries may be performed during view rendering. Explicitly configure spring.jpa.open-in-view to disable this warning
2025-07-30T23:11:12.671+05:30  INFO 1596 --- [Back_End] [main] o.s.b.w.embedded.tomcat.TomcatWebServer  : Tomcat started on port 8080 (http) with context path '/'
2025-07-30T23:11:12.689+05:30  INFO 1596 --- [Back_End] [main] lk.ijse.gdse71.back_end.Application      : Started Application in 5.085 seconds (process running for 11.781)
2025-07-30T23:11:18.140+05:30  INFO 1596 --- [Back_End] [http-nio-8080-exec-2] o.a.c.c.C.[Tomcat].[localhost].[/]       : Initializing Spring DispatcherServlet 'dispatcherServlet'
2025-07-30T23:11:18.141+05:30  INFO 1596 --- [Back_End] [http-nio-8080-exec-2] o.s.web.servlet.DispatcherServlet        : Initializing Servlet 'dispatcherServlet'
2025-07-30T23:11:18.143+05:30  INFO 1596 --- [Back_End] [http-nio-8080-exec-2] o.s.web.servlet.DispatcherServlet        : Completed initialization in 1 ms
2025-07-30T23:11:18.454+05:30  WARN 1596 --- [Back_End] [http-nio-8080-exec-2] ration$PageModule$WarningLoggingModifier : Serializing PageImpl instances as-is is not supported, meaning that there is no guarantee about the stability of the resulting JSON structure!
	For a stable JSON structure, please use Spring Data's PagedModel (globally via @EnableSpringDataWebSupport(pageSerializationMode = VIA_DTO))
	or Spring HATEOAS and Spring Data's PagedResourcesAssembler as documented in https://docs.spring.io/spring-data/commons/reference/repositories/core-extensions.html#core.web.pageables.

2025-07-30T23:11:54.900+05:30  INFO 1596 --- [Back_End] [SpringApplicationShutdownHook] o.s.b.w.e.tomcat.GracefulShutdown        : Commencing graceful shutdown. Waiting for active requests to complete
2025-07-30T23:11:54.909+05:30  INFO 1596 --- [Back_End] [tomcat-shutdown] o.s.b.w.e.tomcat.GracefulShutdown        : Graceful shutdown complete
2025-07-30T23:11:54.914+05:30  INFO 1596 --- [Back_End] [SpringApplicationShutdownHook] j.LocalContainerEntityManagerFactoryBean : Closing JPA EntityManagerFactory for persistence unit 'default'
2025-07-30T23:11:54.919+05:30  INFO 1596 --- [Back_End] [SpringApplicationShutdownHook] com.zaxxer.hikari.HikariDataSource       : HikariPool-1 - Shutdown initiated...
2025-07-30T23:11:54.964+05:30  INFO 1596 --- [Back_End] [SpringApplicationShutdownHook] com.zaxxer.hikari.HikariDataSource       : HikariPool-1 - Shutdown completed.
2025-07-30T23:12:01.586+05:30  INFO 11344 --- [Back_End] [main] lk.ijse.gdse71.back_end.Application      : Starting Application using Java 21.0.5 with PID 11344 (C:\Users\Dilini\OneDrive\Documents\IJSE Doc\AAD\Implementation\SpringBoot\Back_End\target\classes started by Dilini in C:\Users\Dilini\OneDrive\Documents\IJSE Doc\AAD\Implementation\SpringBoot)
2025-07-30T23:12:01.589+05:30  INFO 11344 --- [Back_End] [main] lk.ijse.gdse71.back_end.Application      : No active profile set, falling back to 1 default profile: "default"
2025-07-30T23:12:03.103+05:30  INFO 11344 --- [Back_End] [main] .s.d.r.c.RepositoryConfigurationDelegate : Bootstrapping Spring Data JPA repositories in DEFAULT mode.
2025-07-30T23:12:03.181+05:30  INFO 11344 --- [Back_End] [main] .s.d.r.c.RepositoryConfigurationDelegate : Finished Spring Data repository scanning in 65 ms. Found 1 JPA repository interface.
2025-07-30T23:12:03.748+05:30  INFO 11344 --- [Back_End] [main] o.s.b.w.embedded.tomcat.TomcatWebServer  : Tomcat initialized with port 8080 (http)
2025-07-30T23:12:03.759+05:30  INFO 11344 --- [Back_End] [main] o.apache.catalina.core.StandardService   : Starting service [Tomcat]
2025-07-30T23:12:03.760+05:30  INFO 11344 --- [Back_End] [main] o.apache.catalina.core.StandardEngine    : Starting Servlet engine: [Apache Tomcat/10.1.42]
2025-07-30T23:12:03.810+05:30  INFO 11344 --- [Back_End] [main] o.a.c.c.C.[Tomcat].[localhost].[/]       : Initializing Spring embedded WebApplicationContext
2025-07-30T23:12:03.810+05:30  INFO 11344 --- [Back_End] [main] w.s.c.ServletWebServerApplicationContext : Root WebApplicationContext: initialization completed in 2143 ms
2025-07-30T23:12:04.001+05:30  INFO 11344 --- [Back_End] [main] o.hibernate.jpa.internal.util.LogHelper  : HHH000204: Processing PersistenceUnitInfo [name: default]
2025-07-30T23:12:04.056+05:30  INFO 11344 --- [Back_End] [main] org.hibernate.Version                    : HHH000412: Hibernate ORM core version 6.6.18.Final
2025-07-30T23:12:04.106+05:30  INFO 11344 --- [Back_End] [main] o.h.c.internal.RegionFactoryInitiator    : HHH000026: Second-level cache disabled
2025-07-30T23:12:04.373+05:30  INFO 11344 --- [Back_End] [main] o.s.o.j.p.SpringPersistenceUnitInfo      : No LoadTimeWeaver setup: ignoring JPA class transformer
2025-07-30T23:12:04.413+05:30  INFO 11344 --- [Back_End] [main] com.zaxxer.hikari.HikariDataSource       : HikariPool-1 - Starting...
2025-07-30T23:12:04.721+05:30  INFO 11344 --- [Back_End] [main] com.zaxxer.hikari.pool.HikariPool        : HikariPool-1 - Added connection com.mysql.cj.jdbc.ConnectionImpl@49bb808f
2025-07-30T23:12:04.723+05:30  INFO 11344 --- [Back_End] [main] com.zaxxer.hikari.HikariDataSource       : HikariPool-1 - Start completed.
2025-07-30T23:12:04.770+05:30  WARN 11344 --- [Back_End] [main] org.hibernate.orm.deprecation            : HHH90000025: MySQLDialect does not need to be specified explicitly using 'hibernate.dialect' (remove the property setting and it will be selected by default)
2025-07-30T23:12:04.784+05:30  INFO 11344 --- [Back_End] [main] org.hibernate.orm.connections.pooling    : HHH10001005: Database info:
	Database JDBC URL [Connecting through datasource 'HikariDataSource (HikariPool-1)']
	Database driver: undefined/unknown
	Database version: 9.1
	Autocommit mode: undefined/unknown
	Isolation level: undefined/unknown
	Minimum pool size: undefined/unknown
	Maximum pool size: undefined/unknown
2025-07-30T23:12:05.577+05:30  INFO 11344 --- [Back_End] [main] o.h.e.t.j.p.i.JtaPlatformInitiator       : HHH000489: No JTA platform available (set 'hibernate.transaction.jta.platform' to enable JTA platform integration)
2025-07-30T23:12:05.625+05:30  INFO 11344 --- [Back_End] [main] j.LocalContainerEntityManagerFactoryBean : Initialized JPA EntityManagerFactory for persistence unit 'default'
2025-07-30T23:12:05.981+05:30  WARN 11344 --- [Back_End] [main] JpaBaseConfiguration$JpaWebConfiguration : spring.jpa.open-in-view is enabled by default. Therefore, database queries may be performed during view rendering. Explicitly configure spring.jpa.open-in-view to disable this warning
2025-07-30T23:12:06.374+05:30  INFO 11344 --- [Back_End] [main] o.s.b.w.embedded.tomcat.TomcatWebServer  : Tomcat started on port 8080 (http) with context path '/'
2025-07-30T23:12:06.381+05:30  INFO 11344 --- [Back_End] [main] lk.ijse.gdse71.back_end.Application      : Started Application in 5.36 seconds (process running for 6.271)
2025-07-30T23:13:25.209+05:30  INFO 11344 --- [Back_End] [http-nio-8080-exec-2] o.a.c.c.C.[Tomcat].[localhost].[/]       : Initializing Spring DispatcherServlet 'dispatcherServlet'
2025-07-30T23:13:25.210+05:30  INFO 11344 --- [Back_End] [http-nio-8080-exec-2] o.s.web.servlet.DispatcherServlet        : Initializing Servlet 'dispatcherServlet'
2025-07-30T23:13:25.212+05:30  INFO 11344 --- [Back_End] [http-nio-8080-exec-2] o.s.web.servlet.DispatcherServlet        : Completed initialization in 2 ms
2025-07-30T23:13:25.491+05:30  WARN 11344 --- [Back_End] [http-nio-8080-exec-2] ration$PageModule$WarningLoggingModifier : Serializing PageImpl instances as-is is not supported, meaning that there is no guarantee about the stability of the resulting JSON structure!
	For a stable JSON structure, please use Spring Data's PagedModel (globally via @EnableSpringDataWebSupport(pageSerializationMode = VIA_DTO))
	or Spring HATEOAS and Spring Data's PagedResourcesAssembler as documented in https://docs.spring.io/spring-data/commons/reference/repositories/core-extensions.html#core.web.pageables.

2025-07-30T23:18:36.865+05:30  INFO 11344 --- [Back_End] [SpringApplicationShutdownHook] o.s.b.w.e.tomcat.GracefulShutdown        : Commencing graceful shutdown. Waiting for active requests to complete
2025-07-30T23:18:36.874+05:30  INFO 11344 --- [Back_End] [tomcat-shutdown] o.s.b.w.e.tomcat.GracefulShutdown        : Graceful shutdown complete
2025-07-30T23:18:36.880+05:30  INFO 11344 --- [Back_End] [SpringApplicationShutdownHook] j.LocalContainerEntityManagerFactoryBean : Closing JPA EntityManagerFactory for persistence unit 'default'
2025-07-30T23:18:36.884+05:30  INFO 11344 --- [Back_End] [SpringApplicationShutdownHook] com.zaxxer.hikari.HikariDataSource       : HikariPool-1 - Shutdown initiated...
2025-07-30T23:18:36.908+05:30  INFO 11344 --- [Back_End] [SpringApplicationShutdownHook] com.zaxxer.hikari.HikariDataSource       : HikariPool-1 - Shutdown completed.
2025-07-30T23:18:42.984+05:30  INFO 16808 --- [Back_End] [main] lk.ijse.gdse71.back_end.Application      : Starting Application using Java 21.0.5 with PID 16808 (C:\Users\Dilini\OneDrive\Documents\IJSE Doc\AAD\Implementation\SpringBoot\Back_End\target\classes started by Dilini in C:\Users\Dilini\OneDrive\Documents\IJSE Doc\AAD\Implementation\SpringBoot)
2025-07-30T23:18:42.988+05:30  INFO 16808 --- [Back_End] [main] lk.ijse.gdse71.back_end.Application      : No active profile set, falling back to 1 default profile: "default"
2025-07-30T23:18:43.942+05:30  INFO 16808 --- [Back_End] [main] .s.d.r.c.RepositoryConfigurationDelegate : Bootstrapping Spring Data JPA repositories in DEFAULT mode.
2025-07-30T23:18:44.020+05:30  INFO 16808 --- [Back_End] [main] .s.d.r.c.RepositoryConfigurationDelegate : Finished Spring Data repository scanning in 68 ms. Found 1 JPA repository interface.
2025-07-30T23:18:44.486+05:30  INFO 16808 --- [Back_End] [main] o.s.b.w.embedded.tomcat.TomcatWebServer  : Tomcat initialized with port 8080 (http)
2025-07-30T23:18:44.500+05:30  INFO 16808 --- [Back_End] [main] o.apache.catalina.core.StandardService   : Starting service [Tomcat]
2025-07-30T23:18:44.500+05:30  INFO 16808 --- [Back_End] [main] o.apache.catalina.core.StandardEngine    : Starting Servlet engine: [Apache Tomcat/10.1.42]
2025-07-30T23:18:44.555+05:30  INFO 16808 --- [Back_End] [main] o.a.c.c.C.[Tomcat].[localhost].[/]       : Initializing Spring embedded WebApplicationContext
2025-07-30T23:18:44.555+05:30  INFO 16808 --- [Back_End] [main] w.s.c.ServletWebServerApplicationContext : Root WebApplicationContext: initialization completed in 1511 ms
2025-07-30T23:18:44.725+05:30  INFO 16808 --- [Back_End] [main] o.hibernate.jpa.internal.util.LogHelper  : HHH000204: Processing PersistenceUnitInfo [name: default]
2025-07-30T23:18:44.799+05:30  INFO 16808 --- [Back_End] [main] org.hibernate.Version                    : HHH000412: Hibernate ORM core version 6.6.18.Final
2025-07-30T23:18:44.881+05:30  INFO 16808 --- [Back_End] [main] o.h.c.internal.RegionFactoryInitiator    : HHH000026: Second-level cache disabled
2025-07-30T23:18:45.137+05:30  INFO 16808 --- [Back_End] [main] o.s.o.j.p.SpringPersistenceUnitInfo      : No LoadTimeWeaver setup: ignoring JPA class transformer
2025-07-30T23:18:45.170+05:30  INFO 16808 --- [Back_End] [main] com.zaxxer.hikari.HikariDataSource       : HikariPool-1 - Starting...
2025-07-30T23:18:45.598+05:30  INFO 16808 --- [Back_End] [main] com.zaxxer.hikari.pool.HikariPool        : HikariPool-1 - Added connection com.mysql.cj.jdbc.ConnectionImpl@5ee6fdc4
2025-07-30T23:18:45.600+05:30  INFO 16808 --- [Back_End] [main] com.zaxxer.hikari.HikariDataSource       : HikariPool-1 - Start completed.
2025-07-30T23:18:45.674+05:30  WARN 16808 --- [Back_End] [main] org.hibernate.orm.deprecation            : HHH90000025: MySQLDialect does not need to be specified explicitly using 'hibernate.dialect' (remove the property setting and it will be selected by default)
2025-07-30T23:18:45.694+05:30  INFO 16808 --- [Back_End] [main] org.hibernate.orm.connections.pooling    : HHH10001005: Database info:
	Database JDBC URL [Connecting through datasource 'HikariDataSource (HikariPool-1)']
	Database driver: undefined/unknown
	Database version: 9.1
	Autocommit mode: undefined/unknown
	Isolation level: undefined/unknown
	Minimum pool size: undefined/unknown
	Maximum pool size: undefined/unknown
2025-07-30T23:18:47.172+05:30  INFO 16808 --- [Back_End] [main] o.h.e.t.j.p.i.JtaPlatformInitiator       : HHH000489: No JTA platform available (set 'hibernate.transaction.jta.platform' to enable JTA platform integration)
2025-07-30T23:18:47.226+05:30  INFO 16808 --- [Back_End] [main] j.LocalContainerEntityManagerFactoryBean : Initialized JPA EntityManagerFactory for persistence unit 'default'
2025-07-30T23:18:47.656+05:30  WARN 16808 --- [Back_End] [main] JpaBaseConfiguration$JpaWebConfiguration : spring.jpa.open-in-view is enabled by default. Therefore, database queries may be performed during view rendering. Explicitly configure spring.jpa.open-in-view to disable this warning
2025-07-30T23:18:48.068+05:30  INFO 16808 --- [Back_End] [main] o.s.b.w.embedded.tomcat.TomcatWebServer  : Tomcat started on port 8080 (http) with context path '/'
2025-07-30T23:18:48.076+05:30  INFO 16808 --- [Back_End] [main] lk.ijse.gdse71.back_end.Application      : Started Application in 5.668 seconds (process running for 6.515)
2025-07-30T23:18:51.067+05:30  INFO 16808 --- [Back_End] [http-nio-8080-exec-1] o.a.c.c.C.[Tomcat].[localhost].[/]       : Initializing Spring DispatcherServlet 'dispatcherServlet'
2025-07-30T23:18:51.068+05:30  INFO 16808 --- [Back_End] [http-nio-8080-exec-1] o.s.web.servlet.DispatcherServlet        : Initializing Servlet 'dispatcherServlet'
2025-07-30T23:18:51.070+05:30  INFO 16808 --- [Back_End] [http-nio-8080-exec-1] o.s.web.servlet.DispatcherServlet        : Completed initialization in 1 ms
2025-07-30T23:18:51.380+05:30  WARN 16808 --- [Back_End] [http-nio-8080-exec-1] ration$PageModule$WarningLoggingModifier : Serializing PageImpl instances as-is is not supported, meaning that there is no guarantee about the stability of the resulting JSON structure!
	For a stable JSON structure, please use Spring Data's PagedModel (globally via @EnableSpringDataWebSupport(pageSerializationMode = VIA_DTO))
	or Spring HATEOAS and Spring Data's PagedResourcesAssembler as documented in https://docs.spring.io/spring-data/commons/reference/repositories/core-extensions.html#core.web.pageables.

2025-07-30T23:20:09.474+05:30  INFO 16808 --- [Back_End] [http-nio-8080-exec-8] l.i.g.back_end.controller.JobController  : INFO - Job created
2025-07-30T23:20:09.474+05:30 ERROR 16808 --- [Back_End] [http-nio-8080-exec-8] l.i.g.back_end.controller.JobController  : ERROR - Job created
2025-07-30T23:20:09.474+05:30  WARN 16808 --- [Back_End] [http-nio-8080-exec-8] l.i.g.back_end.controller.JobController  : WARN - Job created
2025-07-30T23:24:11.866+05:30  INFO 16808 --- [Back_End] [SpringApplicationShutdownHook] o.s.b.w.e.tomcat.GracefulShutdown        : Commencing graceful shutdown. Waiting for active requests to complete
2025-07-30T23:24:11.876+05:30  INFO 16808 --- [Back_End] [tomcat-shutdown] o.s.b.w.e.tomcat.GracefulShutdown        : Graceful shutdown complete
2025-07-30T23:24:11.886+05:30  INFO 16808 --- [Back_End] [SpringApplicationShutdownHook] j.LocalContainerEntityManagerFactoryBean : Closing JPA EntityManagerFactory for persistence unit 'default'
2025-07-30T23:24:11.890+05:30  INFO 16808 --- [Back_End] [SpringApplicationShutdownHook] com.zaxxer.hikari.HikariDataSource       : HikariPool-1 - Shutdown initiated...
2025-07-30T23:24:11.908+05:30  INFO 16808 --- [Back_End] [SpringApplicationShutdownHook] com.zaxxer.hikari.HikariDataSource       : HikariPool-1 - Shutdown completed.
2025-07-30T23:24:22.639+05:30  INFO 6160 --- [Back_End] [main] lk.ijse.gdse71.back_end.Application      : Starting Application using Java 21.0.5 with PID 6160 (C:\Users\Dilini\OneDrive\Documents\IJSE Doc\AAD\Implementation\SpringBoot\Back_End\target\classes started by Dilini in C:\Users\Dilini\OneDrive\Documents\IJSE Doc\AAD\Implementation\SpringBoot)
2025-07-30T23:24:22.642+05:30  INFO 6160 --- [Back_End] [main] lk.ijse.gdse71.back_end.Application      : No active profile set, falling back to 1 default profile: "default"
2025-07-30T23:24:23.655+05:30  INFO 6160 --- [Back_End] [main] .s.d.r.c.RepositoryConfigurationDelegate : Bootstrapping Spring Data JPA repositories in DEFAULT mode.
2025-07-30T23:24:23.747+05:30  INFO 6160 --- [Back_End] [main] .s.d.r.c.RepositoryConfigurationDelegate : Finished Spring Data repository scanning in 72 ms. Found 1 JPA repository interface.
2025-07-30T23:24:24.403+05:30  INFO 6160 --- [Back_End] [main] o.s.b.w.embedded.tomcat.TomcatWebServer  : Tomcat initialized with port 8080 (http)
2025-07-30T23:24:24.430+05:30  INFO 6160 --- [Back_End] [main] o.apache.catalina.core.StandardService   : Starting service [Tomcat]
2025-07-30T23:24:24.431+05:30  INFO 6160 --- [Back_End] [main] o.apache.catalina.core.StandardEngine    : Starting Servlet engine: [Apache Tomcat/10.1.42]
2025-07-30T23:24:24.516+05:30  INFO 6160 --- [Back_End] [main] o.a.c.c.C.[Tomcat].[localhost].[/]       : Initializing Spring embedded WebApplicationContext
2025-07-30T23:24:24.517+05:30  INFO 6160 --- [Back_End] [main] w.s.c.ServletWebServerApplicationContext : Root WebApplicationContext: initialization completed in 1819 ms
2025-07-30T23:24:24.748+05:30  INFO 6160 --- [Back_End] [main] o.hibernate.jpa.internal.util.LogHelper  : HHH000204: Processing PersistenceUnitInfo [name: default]
2025-07-30T23:24:24.820+05:30  INFO 6160 --- [Back_End] [main] org.hibernate.Version                    : HHH000412: Hibernate ORM core version 6.6.18.Final
2025-07-30T23:24:24.876+05:30  INFO 6160 --- [Back_End] [main] o.h.c.internal.RegionFactoryInitiator    : HHH000026: Second-level cache disabled
2025-07-30T23:24:25.282+05:30  INFO 6160 --- [Back_End] [main] o.s.o.j.p.SpringPersistenceUnitInfo      : No LoadTimeWeaver setup: ignoring JPA class transformer
2025-07-30T23:24:25.349+05:30  INFO 6160 --- [Back_End] [main] com.zaxxer.hikari.HikariDataSource       : HikariPool-1 - Starting...
2025-07-30T23:24:25.830+05:30  INFO 6160 --- [Back_End] [main] com.zaxxer.hikari.pool.HikariPool        : HikariPool-1 - Added connection com.mysql.cj.jdbc.ConnectionImpl@4df0d9f8
2025-07-30T23:24:25.832+05:30  INFO 6160 --- [Back_End] [main] com.zaxxer.hikari.HikariDataSource       : HikariPool-1 - Start completed.
2025-07-30T23:24:25.897+05:30  WARN 6160 --- [Back_End] [main] org.hibernate.orm.deprecation            : HHH90000025: MySQLDialect does not need to be specified explicitly using 'hibernate.dialect' (remove the property setting and it will be selected by default)
2025-07-30T23:24:25.916+05:30  INFO 6160 --- [Back_End] [main] org.hibernate.orm.connections.pooling    : HHH10001005: Database info:
	Database JDBC URL [Connecting through datasource 'HikariDataSource (HikariPool-1)']
	Database driver: undefined/unknown
	Database version: 9.1
	Autocommit mode: undefined/unknown
	Isolation level: undefined/unknown
	Minimum pool size: undefined/unknown
	Maximum pool size: undefined/unknown
2025-07-30T23:24:26.845+05:30  INFO 6160 --- [Back_End] [main] o.h.e.t.j.p.i.JtaPlatformInitiator       : HHH000489: No JTA platform available (set 'hibernate.transaction.jta.platform' to enable JTA platform integration)
2025-07-30T23:24:26.910+05:30  INFO 6160 --- [Back_End] [main] j.LocalContainerEntityManagerFactoryBean : Initialized JPA EntityManagerFactory for persistence unit 'default'
2025-07-30T23:24:27.309+05:30  WARN 6160 --- [Back_End] [main] JpaBaseConfiguration$JpaWebConfiguration : spring.jpa.open-in-view is enabled by default. Therefore, database queries may be performed during view rendering. Explicitly configure spring.jpa.open-in-view to disable this warning
2025-07-30T23:24:27.725+05:30  INFO 6160 --- [Back_End] [main] o.s.b.w.embedded.tomcat.TomcatWebServer  : Tomcat started on port 8080 (http) with context path '/'
2025-07-30T23:24:27.733+05:30  INFO 6160 --- [Back_End] [main] lk.ijse.gdse71.back_end.Application      : Started Application in 5.668 seconds (process running for 7.158)
2025-07-30T23:24:33.713+05:30  INFO 6160 --- [Back_End] [http-nio-8080-exec-2] o.a.c.c.C.[Tomcat].[localhost].[/]       : Initializing Spring DispatcherServlet 'dispatcherServlet'
2025-07-30T23:24:33.714+05:30  INFO 6160 --- [Back_End] [http-nio-8080-exec-2] o.s.web.servlet.DispatcherServlet        : Initializing Servlet 'dispatcherServlet'
2025-07-30T23:24:33.716+05:30  INFO 6160 --- [Back_End] [http-nio-8080-exec-2] o.s.web.servlet.DispatcherServlet        : Completed initialization in 2 ms
2025-07-30T23:24:34.038+05:30  WARN 6160 --- [Back_End] [http-nio-8080-exec-2] ration$PageModule$WarningLoggingModifier : Serializing PageImpl instances as-is is not supported, meaning that there is no guarantee about the stability of the resulting JSON structure!
	For a stable JSON structure, please use Spring Data's PagedModel (globally via @EnableSpringDataWebSupport(pageSerializationMode = VIA_DTO))
	or Spring HATEOAS and Spring Data's PagedResourcesAssembler as documented in https://docs.spring.io/spring-data/commons/reference/repositories/core-extensions.html#core.web.pageables.

2025-07-30T23:25:16.230+05:30  INFO 6160 --- [Back_End] [SpringApplicationShutdownHook] o.s.b.w.e.tomcat.GracefulShutdown        : Commencing graceful shutdown. Waiting for active requests to complete
2025-07-30T23:25:16.237+05:30  INFO 6160 --- [Back_End] [tomcat-shutdown] o.s.b.w.e.tomcat.GracefulShutdown        : Graceful shutdown complete
2025-07-30T23:25:16.242+05:30  INFO 6160 --- [Back_End] [SpringApplicationShutdownHook] j.LocalContainerEntityManagerFactoryBean : Closing JPA EntityManagerFactory for persistence unit 'default'
2025-07-30T23:25:16.244+05:30  INFO 6160 --- [Back_End] [SpringApplicationShutdownHook] com.zaxxer.hikari.HikariDataSource       : HikariPool-1 - Shutdown initiated...
2025-07-30T23:25:16.260+05:30  INFO 6160 --- [Back_End] [SpringApplicationShutdownHook] com.zaxxer.hikari.HikariDataSource       : HikariPool-1 - Shutdown completed.
2025-07-30T23:25:21.728+05:30  INFO 6864 --- [Back_End] [main] lk.ijse.gdse71.back_end.Application      : Starting Application using Java 21.0.5 with PID 6864 (C:\Users\Dilini\OneDrive\Documents\IJSE Doc\AAD\Implementation\SpringBoot\Back_End\target\classes started by Dilini in C:\Users\Dilini\OneDrive\Documents\IJSE Doc\AAD\Implementation\SpringBoot)
2025-07-30T23:25:21.730+05:30  INFO 6864 --- [Back_End] [main] lk.ijse.gdse71.back_end.Application      : No active profile set, falling back to 1 default profile: "default"
2025-07-30T23:25:22.816+05:30  INFO 6864 --- [Back_End] [main] .s.d.r.c.RepositoryConfigurationDelegate : Bootstrapping Spring Data JPA repositories in DEFAULT mode.
2025-07-30T23:25:22.896+05:30  INFO 6864 --- [Back_End] [main] .s.d.r.c.RepositoryConfigurationDelegate : Finished Spring Data repository scanning in 67 ms. Found 1 JPA repository interface.
2025-07-30T23:25:23.401+05:30  INFO 6864 --- [Back_End] [main] o.s.b.w.embedded.tomcat.TomcatWebServer  : Tomcat initialized with port 8080 (http)
2025-07-30T23:25:23.480+05:30  INFO 6864 --- [Back_End] [main] o.apache.catalina.core.StandardService   : Starting service [Tomcat]
2025-07-30T23:25:23.483+05:30  INFO 6864 --- [Back_End] [main] o.apache.catalina.core.StandardEngine    : Starting Servlet engine: [Apache Tomcat/10.1.42]
2025-07-30T23:25:23.593+05:30  INFO 6864 --- [Back_End] [main] o.a.c.c.C.[Tomcat].[localhost].[/]       : Initializing Spring embedded WebApplicationContext
2025-07-30T23:25:23.594+05:30  INFO 6864 --- [Back_End] [main] w.s.c.ServletWebServerApplicationContext : Root WebApplicationContext: initialization completed in 1806 ms
2025-07-30T23:25:23.815+05:30  INFO 6864 --- [Back_End] [main] o.hibernate.jpa.internal.util.LogHelper  : HHH000204: Processing PersistenceUnitInfo [name: default]
2025-07-30T23:25:23.854+05:30  INFO 6864 --- [Back_End] [main] org.hibernate.Version                    : HHH000412: Hibernate ORM core version 6.6.18.Final
2025-07-30T23:25:23.896+05:30  INFO 6864 --- [Back_End] [main] o.h.c.internal.RegionFactoryInitiator    : HHH000026: Second-level cache disabled
2025-07-30T23:25:24.112+05:30  INFO 6864 --- [Back_End] [main] o.s.o.j.p.SpringPersistenceUnitInfo      : No LoadTimeWeaver setup: ignoring JPA class transformer
2025-07-30T23:25:24.135+05:30  INFO 6864 --- [Back_End] [main] com.zaxxer.hikari.HikariDataSource       : HikariPool-1 - Starting...
2025-07-30T23:25:24.432+05:30  INFO 6864 --- [Back_End] [main] com.zaxxer.hikari.pool.HikariPool        : HikariPool-1 - Added connection com.mysql.cj.jdbc.ConnectionImpl@6fa3def8
2025-07-30T23:25:24.434+05:30  INFO 6864 --- [Back_End] [main] com.zaxxer.hikari.HikariDataSource       : HikariPool-1 - Start completed.
2025-07-30T23:25:24.484+05:30  WARN 6864 --- [Back_End] [main] org.hibernate.orm.deprecation            : HHH90000025: MySQLDialect does not need to be specified explicitly using 'hibernate.dialect' (remove the property setting and it will be selected by default)
2025-07-30T23:25:24.501+05:30  INFO 6864 --- [Back_End] [main] org.hibernate.orm.connections.pooling    : HHH10001005: Database info:
	Database JDBC URL [Connecting through datasource 'HikariDataSource (HikariPool-1)']
	Database driver: undefined/unknown
	Database version: 9.1
	Autocommit mode: undefined/unknown
	Isolation level: undefined/unknown
	Minimum pool size: undefined/unknown
	Maximum pool size: undefined/unknown
2025-07-30T23:25:25.307+05:30  INFO 6864 --- [Back_End] [main] o.h.e.t.j.p.i.JtaPlatformInitiator       : HHH000489: No JTA platform available (set 'hibernate.transaction.jta.platform' to enable JTA platform integration)
2025-07-30T23:25:25.356+05:30  INFO 6864 --- [Back_End] [main] j.LocalContainerEntityManagerFactoryBean : Initialized JPA EntityManagerFactory for persistence unit 'default'
2025-07-30T23:25:25.732+05:30  WARN 6864 --- [Back_End] [main] JpaBaseConfiguration$JpaWebConfiguration : spring.jpa.open-in-view is enabled by default. Therefore, database queries may be performed during view rendering. Explicitly configure spring.jpa.open-in-view to disable this warning
2025-07-30T23:25:26.123+05:30  INFO 6864 --- [Back_End] [main] o.s.b.w.embedded.tomcat.TomcatWebServer  : Tomcat started on port 8080 (http) with context path '/'
2025-07-30T23:25:26.130+05:30  INFO 6864 --- [Back_End] [main] lk.ijse.gdse71.back_end.Application      : Started Application in 4.995 seconds (process running for 5.828)
2025-07-30T23:25:43.127+05:30  INFO 6864 --- [Back_End] [SpringApplicationShutdownHook] o.s.b.w.e.tomcat.GracefulShutdown        : Commencing graceful shutdown. Waiting for active requests to complete
2025-07-30T23:25:43.133+05:30  INFO 6864 --- [Back_End] [tomcat-shutdown] o.s.b.w.e.tomcat.GracefulShutdown        : Graceful shutdown complete
2025-07-30T23:25:43.137+05:30  INFO 6864 --- [Back_End] [SpringApplicationShutdownHook] j.LocalContainerEntityManagerFactoryBean : Closing JPA EntityManagerFactory for persistence unit 'default'
2025-07-30T23:25:43.139+05:30  INFO 6864 --- [Back_End] [SpringApplicationShutdownHook] com.zaxxer.hikari.HikariDataSource       : HikariPool-1 - Shutdown initiated...
2025-07-30T23:25:43.149+05:30  INFO 6864 --- [Back_End] [SpringApplicationShutdownHook] com.zaxxer.hikari.HikariDataSource       : HikariPool-1 - Shutdown completed.
2025-07-30T23:25:47.886+05:30  INFO 5632 --- [Back_End] [main] lk.ijse.gdse71.back_end.Application      : Starting Application using Java 21.0.5 with PID 5632 (C:\Users\Dilini\OneDrive\Documents\IJSE Doc\AAD\Implementation\SpringBoot\Back_End\target\classes started by Dilini in C:\Users\Dilini\OneDrive\Documents\IJSE Doc\AAD\Implementation\SpringBoot)
2025-07-30T23:25:47.889+05:30  INFO 5632 --- [Back_End] [main] lk.ijse.gdse71.back_end.Application      : No active profile set, falling back to 1 default profile: "default"
2025-07-30T23:25:48.807+05:30  INFO 5632 --- [Back_End] [main] .s.d.r.c.RepositoryConfigurationDelegate : Bootstrapping Spring Data JPA repositories in DEFAULT mode.
2025-07-30T23:25:48.886+05:30  INFO 5632 --- [Back_End] [main] .s.d.r.c.RepositoryConfigurationDelegate : Finished Spring Data repository scanning in 69 ms. Found 1 JPA repository interface.
2025-07-30T23:25:49.335+05:30  INFO 5632 --- [Back_End] [main] o.s.b.w.embedded.tomcat.TomcatWebServer  : Tomcat initialized with port 8080 (http)
2025-07-30T23:25:49.347+05:30  INFO 5632 --- [Back_End] [main] o.apache.catalina.core.StandardService   : Starting service [Tomcat]
2025-07-30T23:25:49.348+05:30  INFO 5632 --- [Back_End] [main] o.apache.catalina.core.StandardEngine    : Starting Servlet engine: [Apache Tomcat/10.1.42]
2025-07-30T23:25:49.397+05:30  INFO 5632 --- [Back_End] [main] o.a.c.c.C.[Tomcat].[localhost].[/]       : Initializing Spring embedded WebApplicationContext
2025-07-30T23:25:49.398+05:30  INFO 5632 --- [Back_End] [main] w.s.c.ServletWebServerApplicationContext : Root WebApplicationContext: initialization completed in 1455 ms
2025-07-30T23:25:49.558+05:30  INFO 5632 --- [Back_End] [main] o.hibernate.jpa.internal.util.LogHelper  : HHH000204: Processing PersistenceUnitInfo [name: default]
2025-07-30T23:25:49.610+05:30  INFO 5632 --- [Back_End] [main] org.hibernate.Version                    : HHH000412: Hibernate ORM core version 6.6.18.Final
2025-07-30T23:25:49.652+05:30  INFO 5632 --- [Back_End] [main] o.h.c.internal.RegionFactoryInitiator    : HHH000026: Second-level cache disabled
2025-07-30T23:25:49.933+05:30  INFO 5632 --- [Back_End] [main] o.s.o.j.p.SpringPersistenceUnitInfo      : No LoadTimeWeaver setup: ignoring JPA class transformer
2025-07-30T23:25:49.966+05:30  INFO 5632 --- [Back_End] [main] com.zaxxer.hikari.HikariDataSource       : HikariPool-1 - Starting...
2025-07-30T23:25:50.266+05:30  INFO 5632 --- [Back_End] [main] com.zaxxer.hikari.pool.HikariPool        : HikariPool-1 - Added connection com.mysql.cj.jdbc.ConnectionImpl@12548f9a
2025-07-30T23:25:50.268+05:30  INFO 5632 --- [Back_End] [main] com.zaxxer.hikari.HikariDataSource       : HikariPool-1 - Start completed.
2025-07-30T23:25:50.320+05:30  WARN 5632 --- [Back_End] [main] org.hibernate.orm.deprecation            : HHH90000025: MySQLDialect does not need to be specified explicitly using 'hibernate.dialect' (remove the property setting and it will be selected by default)
2025-07-30T23:25:50.337+05:30  INFO 5632 --- [Back_End] [main] org.hibernate.orm.connections.pooling    : HHH10001005: Database info:
	Database JDBC URL [Connecting through datasource 'HikariDataSource (HikariPool-1)']
	Database driver: undefined/unknown
	Database version: 9.1
	Autocommit mode: undefined/unknown
	Isolation level: undefined/unknown
	Minimum pool size: undefined/unknown
	Maximum pool size: undefined/unknown
2025-07-30T23:25:51.098+05:30  INFO 5632 --- [Back_End] [main] o.h.e.t.j.p.i.JtaPlatformInitiator       : HHH000489: No JTA platform available (set 'hibernate.transaction.jta.platform' to enable JTA platform integration)
2025-07-30T23:25:51.148+05:30  INFO 5632 --- [Back_End] [main] j.LocalContainerEntityManagerFactoryBean : Initialized JPA EntityManagerFactory for persistence unit 'default'
2025-07-30T23:25:51.562+05:30  WARN 5632 --- [Back_End] [main] JpaBaseConfiguration$JpaWebConfiguration : spring.jpa.open-in-view is enabled by default. Therefore, database queries may be performed during view rendering. Explicitly configure spring.jpa.open-in-view to disable this warning
2025-07-30T23:25:52.010+05:30  INFO 5632 --- [Back_End] [main] o.s.b.w.embedded.tomcat.TomcatWebServer  : Tomcat started on port 8080 (http) with context path '/'
2025-07-30T23:25:52.017+05:30  INFO 5632 --- [Back_End] [main] lk.ijse.gdse71.back_end.Application      : Started Application in 4.647 seconds (process running for 5.439)
2025-07-30T23:26:00.479+05:30  INFO 5632 --- [Back_End] [http-nio-8080-exec-1] o.a.c.c.C.[Tomcat].[localhost].[/]       : Initializing Spring DispatcherServlet 'dispatcherServlet'
2025-07-30T23:26:00.479+05:30  INFO 5632 --- [Back_End] [http-nio-8080-exec-1] o.s.web.servlet.DispatcherServlet        : Initializing Servlet 'dispatcherServlet'
2025-07-30T23:26:00.480+05:30  INFO 5632 --- [Back_End] [http-nio-8080-exec-1] o.s.web.servlet.DispatcherServlet        : Completed initialization in 1 ms
2025-07-30T23:26:00.805+05:30  WARN 5632 --- [Back_End] [http-nio-8080-exec-1] ration$PageModule$WarningLoggingModifier : Serializing PageImpl instances as-is is not supported, meaning that there is no guarantee about the stability of the resulting JSON structure!
	For a stable JSON structure, please use Spring Data's PagedModel (globally via @EnableSpringDataWebSupport(pageSerializationMode = VIA_DTO))
	or Spring HATEOAS and Spring Data's PagedResourcesAssembler as documented in https://docs.spring.io/spring-data/commons/reference/repositories/core-extensions.html#core.web.pageables.

2025-07-30T23:26:32.846+05:30  INFO 5632 --- [Back_End] [http-nio-8080-exec-2] l.i.g.back_end.controller.JobController  : INFO - Job created
2025-07-30T23:26:32.846+05:30 ERROR 5632 --- [Back_End] [http-nio-8080-exec-2] l.i.g.back_end.controller.JobController  : ERROR - Job created
2025-07-30T23:26:32.846+05:30  WARN 5632 --- [Back_End] [http-nio-8080-exec-2] l.i.g.back_end.controller.JobController  : WARN - Job created
2025-07-30T23:27:03.711+05:30  INFO 5632 --- [Back_End] [SpringApplicationShutdownHook] o.s.b.w.e.tomcat.GracefulShutdown        : Commencing graceful shutdown. Waiting for active requests to complete
2025-07-30T23:27:03.720+05:30  INFO 5632 --- [Back_End] [tomcat-shutdown] o.s.b.w.e.tomcat.GracefulShutdown        : Graceful shutdown complete
2025-07-30T23:27:03.723+05:30  INFO 5632 --- [Back_End] [SpringApplicationShutdownHook] j.LocalContainerEntityManagerFactoryBean : Closing JPA EntityManagerFactory for persistence unit 'default'
2025-07-30T23:27:03.723+05:30  INFO 5632 --- [Back_End] [SpringApplicationShutdownHook] com.zaxxer.hikari.HikariDataSource       : HikariPool-1 - Shutdown initiated...
2025-07-30T23:27:03.738+05:30  INFO 5632 --- [Back_End] [SpringApplicationShutdownHook] com.zaxxer.hikari.HikariDataSource       : HikariPool-1 - Shutdown completed.
